{"C:\\_depots\\exercices\\src\\config\\knex.ts": {"path":"C:\\_depots\\exercices\\src\\config\\knex.ts","statementMap":{"0":{"start":{"line":5,"column":19},"end":{"line":11,"column":2}},"1":{"start":{"line":13,"column":19},"end":{"line":18,"column":2}},"2":{"start":{"line":22,"column":0},"end":{"line":22,"column":43}}},"fnMap":{},"branchMap":{},"s":{"0":1,"1":1,"2":1},"f":{},"b":{}}
,"C:\\_depots\\exercices\\src\\models\\issue-model.ts": {"path":"C:\\_depots\\exercices\\src\\models\\issue-model.ts","statementMap":{"0":{"start":{"line":1,"column":0},"end":{"line":1,"column":34}},"1":{"start":{"line":12,"column":19},"end":{"line":12,"column":49}},"2":{"start":{"line":13,"column":4},"end":{"line":13,"column":18}},"3":{"start":{"line":11,"column":0},"end":{"line":11,"column":7}},"4":{"start":{"line":17,"column":18},"end":{"line":17,"column":64}},"5":{"start":{"line":18,"column":4},"end":{"line":18,"column":17}},"6":{"start":{"line":16,"column":0},"end":{"line":16,"column":7}}},"fnMap":{"0":{"name":"findAll","decl":{"start":{"line":11,"column":22},"end":{"line":11,"column":29}},"loc":{"start":{"line":11,"column":29},"end":{"line":14,"column":1}}},"1":{"name":"findById","decl":{"start":{"line":16,"column":22},"end":{"line":16,"column":30}},"loc":{"start":{"line":16,"column":41},"end":{"line":19,"column":1}}}},"branchMap":{},"s":{"0":1,"1":1,"2":0,"3":1,"4":0,"5":0,"6":1},"f":{"0":1,"1":0},"b":{}}
}
